<?xml version="1.0" encoding="UTF-8"?>
<!-- Generated by org.testng.reporters.JUnitXMLReporter -->
<testsuite hostname="DESKTOP-J71GJ2U" ignored="0" name="Test" tests="1" failures="1" timestamp="23 Oct 2021 15:35:52 GMT" time="1.494" errors="0">
  <testcase name="testBrowserLaunch" time="0.022" classname="testingDemo.AppTest">
    <failure type="java.lang.AssertionError" message="Browser name isn&amp;apos;t verified expected [true] but found [false]">
      <![CDATA[java.lang.AssertionError: Browser name isn't verified expected [true] but found [false]
	at testingDemo.AppTest.testBrowserLaunch(AppTest.java:36)
... Removed 28 stack frames]]>
    </failure>
  </testcase> <!-- testBrowserLaunch -->
</testsuite> <!-- Test -->
