<?xml version="1.0" encoding="UTF-8"?>
<testng-results skipped="0" failed="0" ignored="0" total="1" passed="1">
  <reporter-output>
  </reporter-output>
  <suite name="Suite" duration-ms="7710" started-at="2021-10-31T15:28:50Z" finished-at="2021-10-31T15:28:58Z">
    <groups>
      <group name="sanity">
        <method signature="TestClass.indexPageTest(java.lang.String, java.lang.String, java.lang.String)[pri:0, instance:pageTest.TestClass@d8355a8]" name="indexPageTest" class="pageTest.TestClass"/>
      </group> <!-- sanity -->
    </groups>
    <test name="Test" duration-ms="7710" started-at="2021-10-31T15:28:50Z" finished-at="2021-10-31T15:28:58Z">
      <class name="pageTest.TestClass">
        <test-method status="PASS" signature="beforeSuite(java.lang.String, java.lang.String)[pri:0, instance:pageTest.TestClass@d8355a8]" name="beforeSuite" is-config="true" duration-ms="9241" started-at="2021-10-31T11:28:41Z" finished-at="2021-10-31T11:28:50Z">
          <params>
            <param index="0">
              <value>
                <![CDATA[https://nktechsolutions.com/membership-login/]]>
              </value>
            </param>
            <param index="1">
              <value>
                <![CDATA[Chrome]]>
              </value>
            </param>
          </params>
          <reporter-output>
          </reporter-output>
        </test-method> <!-- beforeSuite -->
        <test-method status="PASS" signature="indexPageTest(java.lang.String, java.lang.String, java.lang.String)[pri:0, instance:pageTest.TestClass@d8355a8]" name="indexPageTest" duration-ms="4776" started-at="2021-10-31T11:28:53Z" data-provider="testdata" finished-at="2021-10-31T11:28:58Z">
          <params>
            <param index="0">
              <value>
                <![CDATA[test]]>
              </value>
            </param>
            <param index="1">
              <value>
                <![CDATA[pass]]>
              </value>
            </param>
            <param index="2">
              <value>
                <![CDATA[test@mail.com]]>
              </value>
            </param>
          </params>
          <reporter-output>
          </reporter-output>
        </test-method> <!-- indexPageTest -->
        <test-method status="PASS" signature="afterSuite()[pri:0, instance:pageTest.TestClass@d8355a8]" name="afterSuite" is-config="true" duration-ms="1039" started-at="2021-10-31T11:28:58Z" finished-at="2021-10-31T11:28:59Z">
          <reporter-output>
          </reporter-output>
        </test-method> <!-- afterSuite -->
      </class> <!-- pageTest.TestClass -->
    </test> <!-- Test -->
  </suite> <!-- Suite -->
</testng-results>
